[
  {
    "task_info": 0,
    "score": 0.0,
    "feedback": "The answer is wrong. Lean code compilation FAILED with 9 errors. Errors MUST be fixed before finishing. Review the 'errors' list and try again (for example,if in a React agent loop).\n\nErrors:\n<anonymous>:16:5: error: unknown namespace 'Std.List.Basic'\n\n\n<anonymous>:32:2: error: unknown constant 'List.is_list'\n\n\n<anonymous>:33:21: error: unknown constant 'Int.is_int'\n\n\n<anonymous>:34:93: error: application type mismatch\n  Nat.lt_of_lt_of_le (Nat.lt_of_add_lt_add_left ?m.431) arr.length\nargument\n  arr.length\nhas type\n  Nat : Type\nbut is expected to have type\n  ?m.429 \u2264 arr.length : Prop\n\n\n<anonymous>:34:191: error: application type mismatch\n  Nat.lt_of_lt_of_le (Nat.lt_of_add_lt_add_left ?m.622) arr.length\nargument\n  arr.length\nhas type\n  Nat : Type\nbut is expected to have type\n  ?m.620 \u2264 arr.length : Prop\n\n\n<anonymous>:34:84: error: expected type must not contain meta variables\n  ?m.741 i + i < ?m.741 i + ?m.740 i\n\n\n<anonymous>:34:182: error: expected type must not contain meta variables\n  ?m.744 i + (i + 1) < ?m.744 i + ?m.743 i\n\n\n<anonymous>:34:246: error: unexpected token ')'; expected command\n\n\n<anonymous>:47:11: error: unterminated comment\n\n\nPlease modify the prompt to help LLM produce correct Lean code."
  }
]