{
  "task_index": 0,
  "task_info": {
    "filename": "binary_search.py",
    "category": "cs_set",
    "code_length": 3074
  },
  "generation": {
    "success": true,
    "solution_length": 6850,
    "model": "gemini/gemini-2.5-flash-lite"
  },
  "verification": {
    "success": false,
    "compilation": {
      "is_valid": false,
      "errors": [
        "<anonymous>:27:20: error: function expected at\n  x\nterm has type\n  Int",
        "<anonymous>:28:47: error: application type mismatch\n  arr.get i\nargument\n  i\nhas type\n  Int : Type\nbut is expected to have type\n  Fin arr.length : Type",
        "<anonymous>:28:60: error: type mismatch\n  i + 1\nhas type\n  Int : outParam Type\nbut is expected to have type\n  Fin arr.length : Type",
        "<anonymous>:29:2: error: function expected at\n  target\nterm has type\n  Int",
        "<anonymous>:62:7: error: unexpected token 'mut'; expected '_', 'rec', identifier or term",
        "<anonymous>:117:15: error: application type mismatch\n  testArr.get idx\nargument\n  idx\nhas type\n  resultDup.isSome = true \u2192 Int : Type\nbut is expected to have type\n  Fin testArr.length : Type",
        "<anonymous>:118:3: error: failed to synthesize\n  LE (resultDup.isSome = true \u2192 Int)\n\nAdditional diagnostic information may be available using the `set_option diagnostics true` command.",
        "<anonymous>:118:14: error: failed to synthesize\n  LE (resultDup.isSome = true \u2192 Int)\n\nAdditional diagnostic information may be available using the `set_option diagnostics true` command.",
        "<anonymous>:118:3: error: failed to synthesize\n  OfNat (resultDup.isSome = true \u2192 Int) 2\nnumerals are polymorphic in Lean, but the numeral `2` cannot be used in a context where the expected type is\n  resultDup.isSome = true \u2192 Int\ndue to the absence of the instance above\n\nAdditional diagnostic information may be available using the `set_option diagnostics true` command.",
        "<anonymous>:118:20: error: failed to synthesize\n  OfNat (resultDup.isSome = true \u2192 Int) 4\nnumerals are polymorphic in Lean, but the numeral `4` cannot be used in a context where the expected type is\n  resultDup.isSome = true \u2192 Int\ndue to the absence of the instance above\n\nAdditional diagnostic information may be available using the `set_option diagnostics true` command.",
        "<anonymous>:121:18: error: function expected at\n  range 0\nterm has type\n  List Nat",
        "<anonymous>:139:53: error: function expected at\n  range 0\nterm has type\n  List Nat",
        "<anonymous>:149:2: error: function expected at\n  candidate [1, 2, 3] 2 == some 1\nterm has type\n  Bool",
        "<anonymous>:160:0: error: aborting evaluation since the expression depends on the 'sorry' axiom, which can lead to runtime instability and crashes.\n\nTo attempt to evaluate anyway despite the risks, use the '#eval!' command.",
        "<anonymous>:161:0: error: aborting evaluation since the expression depends on the 'sorry' axiom, which can lead to runtime instability and crashes.\n\nTo attempt to evaluate anyway despite the risks, use the '#eval!' command.",
        "<anonymous>:162:0: error: aborting evaluation since the expression depends on the 'sorry' axiom, which can lead to runtime instability and crashes.\n\nTo attempt to evaluate anyway despite the risks, use the '#eval!' command.",
        "<anonymous>:163:0: error: aborting evaluation since the expression depends on the 'sorry' axiom, which can lead to runtime instability and crashes.\n\nTo attempt to evaluate anyway despite the risks, use the '#eval!' command.",
        "<anonymous>:164:0: error: aborting evaluation since the expression depends on the 'sorry' axiom, which can lead to runtime instability and crashes.\n\nTo attempt to evaluate anyway despite the risks, use the '#eval!' command.",
        "<anonymous>:167:0: error: aborting evaluation since the expression depends on the 'sorry' axiom, which can lead to runtime instability and crashes.\n\nTo attempt to evaluate anyway despite the risks, use the '#eval!' command.",
        "<anonymous>:183:40: error: invalid field 'elemAt', the environment does not contain 'List.elemAt'\n  arr\nhas type\n  List Int",
        "<anonymous>:184:38: error: invalid field 'elemAt', the environment does not contain 'List.elemAt'\n  arr\nhas type\n  List Int"
      ],
      "warnings": [],
      "pantograph_available": true
    },
    "task_info": {
      "filename": "binary_search.py",
      "category": "cs_set",
      "task_index": 0
    },
    "overall_score": 0.0
  },
  "overall_success": false,
  "pipeline_score": 0.0
}